<?xml version="1.0" encoding="UTF-8"?>
<!-- Generated by org.testng.reporters.JUnitReportReporter -->
<testsuite skipped="0" hostname="LAPTOP-TTRES0RJ" name="com.qa.linkedin.testcases.SearchDataDrivenTest" tests="3" failures="0" timestamp="2021-05-10T23:51:24 CDT" time="33.462" errors="0">
  <testcase name="searchDataDrivenTest" time="13.151" classname="com.qa.linkedin.testcases.SearchDataDrivenTest"/>
  <testcase name="searchDataDrivenTest" time="7.003" classname="com.qa.linkedin.testcases.SearchDataDrivenTest"/>
  <testcase name="searchDataDrivenTest" time="13.308" classname="com.qa.linkedin.testcases.SearchDataDrivenTest"/>
</testsuite> <!-- com.qa.linkedin.testcases.SearchDataDrivenTest -->
