<?xml version="1.0" encoding="UTF-8"?>
<!-- Generated by org.testng.reporters.JUnitReportReporter -->
<testsuite skipped="0" hostname="LAPTOP-TTRES0RJ" name="com.qa.linkedin.testcases.SearchDataDrivenTest" tests="3" failures="0" timestamp="2021-05-11T10:05:34 CDT" time="29.908" errors="0">
  <testcase name="searchDataDrivenTest" time="12.604" classname="com.qa.linkedin.testcases.SearchDataDrivenTest"/>
  <testcase name="searchDataDrivenTest" time="4.694" classname="com.qa.linkedin.testcases.SearchDataDrivenTest"/>
  <testcase name="searchDataDrivenTest" time="12.610" classname="com.qa.linkedin.testcases.SearchDataDrivenTest"/>
</testsuite> <!-- com.qa.linkedin.testcases.SearchDataDrivenTest -->
